# JRE version: OpenJDK Runtime Environment (8.0_242-b01) (build 1.8.0_242-release-1644-b01)
# Java VM: OpenJDK 64-Bit Server VM (25.242-b01 mixed mode windows-amd64 compressed oops)
Heap:
 PSYoungGen      total 617984K, used 340267K [0x00000000d5580000, 0x00000000ffc80000, 0x0000000100000000)
  eden space 552448K, 57% used [0x00000000d5580000,0x00000000e89c59e0,0x00000000f7100000)
  from space 65536K, 37% used [0x00000000f7100000,0x00000000f8905568,0x00000000fb100000)
  to   space 61440K, 0% used [0x00000000fc080000,0x00000000fc080000,0x00000000ffc80000)
 ParOldGen       total 241664K, used 116618K [0x0000000080000000, 0x000000008ec00000, 0x00000000d5580000)
  object space 241664K, 48% used [0x0000000080000000,0x00000000871e28e8,0x000000008ec00000)
 Metaspace       used 147024K, capacity 153903K, committed 154008K, reserved 1183744K
  class space    used 18583K, capacity 19867K, committed 19888K, reserved 1048576K
GC Heap History (10 events):
Event: 942.473 GC heap before
{Heap before GC invocations=31 (full 5):
 PSYoungGen      total 534528K, used 482551K [0x00000000d5580000, 0x00000000fbe00000, 0x0000000100000000)
  eden space 460288K, 100% used [0x00000000d5580000,0x00000000f1700000,0x00000000f1700000)
  from space 74240K, 29% used [0x00000000f1700000,0x00000000f2cbdd58,0x00000000f5f80000)
  to   space 54784K, 0% used [0x00000000f5f80000,0x00000000f5f80000,0x00000000f9500000)
 ParOldGen       total 219648K, used 154072K [0x0000000080000000, 0x000000008d680000, 0x00000000d5580000)
  object space 219648K, 70% used [0x0000000080000000,0x00000000896762e0,0x000000008d680000)
 Metaspace       used 146867K, capacity 153755K, committed 154008K, reserved 1183744K
  class space    used 18578K, capacity 19863K, committed 19888K, reserved 1048576K
Event: 942.549 GC heap after
Heap after GC invocations=31 (full 5):
 PSYoungGen      total 515072K, used 28777K [0x00000000d5580000, 0x00000000fbe00000, 0x0000000100000000)
  eden space 460288K, 0% used [0x00000000d5580000,0x00000000d5580000,0x00000000f1700000)
  from space 54784K, 52% used [0x00000000f5f80000,0x00000000f7b9a728,0x00000000f9500000)
  to   space 74240K, 0% used [0x00000000f1700000,0x00000000f1700000,0x00000000f5f80000)
 ParOldGen       total 219648K, used 161247K [0x0000000080000000, 0x000000008d680000, 0x00000000d5580000)
  object space 219648K, 73% used [0x0000000080000000,0x0000000089d77ce8,0x000000008d680000)
 Metaspace       used 146867K, capacity 153755K, committed 154008K, reserved 1183744K
  class space    used 18578K, capacity 19863K, committed 19888K, reserved 1048576K
}
Event: 944.451 GC heap before
{Heap before GC invocations=32 (full 5):
 PSYoungGen      total 515072K, used 489065K [0x00000000d5580000, 0x00000000fbe00000, 0x0000000100000000)
  eden space 460288K, 100% used [0x00000000d5580000,0x00000000f1700000,0x00000000f1700000)
  from space 54784K, 52% used [0x00000000f5f80000,0x00000000f7b9a728,0x00000000f9500000)
  to   space 74240K, 0% used [0x00000000f1700000,0x00000000f1700000,0x00000000f5f80000)
 ParOldGen       total 219648K, used 161247K [0x0000000080000000, 0x000000008d680000, 0x00000000d5580000)
  object space 219648K, 73% used [0x0000000080000000,0x0000000089d77ce8,0x000000008d680000)
 Metaspace       used 146898K, capacity 153757K, committed 154008K, reserved 1183744K
  class space    used 18579K, capacity 19864K, committed 19888K, reserved 1048576K
Event: 944.496 GC heap after
Heap after GC invocations=32 (full 5):
 PSYoungGen      total 534528K, used 12291K [0x00000000d5580000, 0x00000000ff780000, 0x0000000100000000)
  eden space 460288K, 0% used [0x00000000d5580000,0x00000000d5580000,0x00000000f1700000)
  from space 74240K, 16% used [0x00000000f1700000,0x00000000f2300ee0,0x00000000f5f80000)
  to   space 67584K, 0% used [0x00000000fb580000,0x00000000fb580000,0x00000000ff780000)
 ParOldGen       total 219648K, used 178480K [0x0000000080000000, 0x000000008d680000, 0x00000000d5580000)
  object space 219648K, 81% used [0x0000000080000000,0x000000008ae4c3c8,0x000000008d680000)
 Metaspace       used 146898K, capacity 153757K, committed 154008K, reserved 1183744K
  class space    used 18579K, capacity 19864K, committed 19888K, reserved 1048576K
}
Event: 951.046 GC heap before
{Heap before GC invocations=33 (full 5):
 PSYoungGen      total 534528K, used 472579K [0x00000000d5580000, 0x00000000ff780000, 0x0000000100000000)
  eden space 460288K, 100% used [0x00000000d5580000,0x00000000f1700000,0x00000000f1700000)
  from space 74240K, 16% used [0x00000000f1700000,0x00000000f2300ee0,0x00000000f5f80000)
  to   space 67584K, 0% used [0x00000000fb580000,0x00000000fb580000,0x00000000ff780000)
 ParOldGen       total 219648K, used 178480K [0x0000000080000000, 0x000000008d680000, 0x00000000d5580000)
  object space 219648K, 81% used [0x0000000080000000,0x000000008ae4c3c8,0x000000008d680000)
 Metaspace       used 146927K, capacity 153835K, committed 154008K, reserved 1183744K
  class space    used 18582K, capacity 19865K, committed 19888K, reserved 1048576K
Event: 951.166 GC heap after
Heap after GC invocations=33 (full 5):
 PSYoungGen      total 613376K, used 14752K [0x00000000d5580000, 0x00000000ff100000, 0x0000000100000000)
  eden space 552448K, 0% used [0x00000000d5580000,0x00000000d5580000,0x00000000f7100000)
  from space 60928K, 24% used [0x00000000fb580000,0x00000000fc3e8130,0x00000000ff100000)
  to   space 65536K, 0% used [0x00000000f7100000,0x00000000f7100000,0x00000000fb100000)
 ParOldGen       total 219648K, used 186825K [0x0000000080000000, 0x000000008d680000, 0x00000000d5580000)
  object space 219648K, 85% used [0x0000000080000000,0x000000008b6724f8,0x000000008d680000)
 Metaspace       used 146927K, capacity 153835K, committed 154008K, reserved 1183744K
  class space    used 18582K, capacity 19865K, committed 19888K, reserved 1048576K
}
Event: 951.166 GC heap before
{Heap before GC invocations=34 (full 6):
 PSYoungGen      total 613376K, used 14752K [0x00000000d5580000, 0x00000000ff100000, 0x0000000100000000)
  eden space 552448K, 0% used [0x00000000d5580000,0x00000000d5580000,0x00000000f7100000)
  from space 60928K, 24% used [0x00000000fb580000,0x00000000fc3e8130,0x00000000ff100000)
  to   space 65536K, 0% used [0x00000000f7100000,0x00000000f7100000,0x00000000fb100000)
 ParOldGen       total 219648K, used 186825K [0x0000000080000000, 0x000000008d680000, 0x00000000d5580000)
  object space 219648K, 85% used [0x0000000080000000,0x000000008b6724f8,0x000000008d680000)
 Metaspace       used 146927K, capacity 153835K, committed 154008K, reserved 1183744K
  class space    used 18582K, capacity 19865K, committed 19888K, reserved 1048576K
Event: 951.527 GC heap after
Heap after GC invocations=34 (full 6):
 PSYoungGen      total 613376K, used 0K [0x00000000d5580000, 0x00000000ff100000, 0x0000000100000000)
  eden space 552448K, 0% used [0x00000000d5580000,0x00000000d5580000,0x00000000f7100000)
  from space 60928K, 0% used [0x00000000fb580000,0x00000000fb580000,0x00000000ff100000)
  to   space 65536K, 0% used [0x00000000f7100000,0x00000000f7100000,0x00000000fb100000)
 ParOldGen       total 241664K, used 116618K [0x0000000080000000, 0x000000008ec00000, 0x00000000d5580000)
  object space 241664K, 48% used [0x0000000080000000,0x00000000871e28e8,0x000000008ec00000)
 Metaspace       used 146927K, capacity 153835K, committed 154008K, reserved 1183744K
  class space    used 18582K, capacity 19865K, committed 19888K, reserved 1048576K
}
Event: 954.352 GC heap before
{Heap before GC invocations=35 (full 6):
 PSYoungGen      total 613376K, used 552448K [0x00000000d5580000, 0x00000000ff100000, 0x0000000100000000)
  eden space 552448K, 100% used [0x00000000d5580000,0x00000000f7100000,0x00000000f7100000)
  from space 60928K, 0% used [0x00000000fb580000,0x00000000fb580000,0x00000000ff100000)
  to   space 65536K, 0% used [0x00000000f7100000,0x00000000f7100000,0x00000000fb100000)
 ParOldGen       total 241664K, used 116618K [0x0000000080000000, 0x000000008ec00000, 0x00000000d5580000)
  object space 241664K, 48% used [0x0000000080000000,0x00000000871e28e8,0x000000008ec00000)
 Metaspace       used 146976K, capacity 153835K, committed 154008K, reserved 1183744K
  class space    used 18582K, capacity 19865K, committed 19888K, reserved 1048576K
Event: 954.435 GC heap after
Heap after GC invocations=35 (full 6):
 PSYoungGen      total 617984K, used 24597K [0x00000000d5580000, 0x00000000ffc80000, 0x0000000100000000)
  eden space 552448K, 0% used [0x00000000d5580000,0x00000000d5580000,0x00000000f7100000)
  from space 65536K, 37% used [0x00000000f7100000,0x00000000f8905568,0x00000000fb100000)
  to   space 61440K, 0% used [0x00000000fc080000,0x00000000fc080000,0x00000000ffc80000)
 ParOldGen       total 241664K, used 116618K [0x0000000080000000, 0x000000008ec00000, 0x00000000d5580000)
  object space 241664K, 48% used [0x0000000080000000,0x00000000871e28e8,0x000000008ec00000)
 Metaspace       used 146976K, capacity 153835K, committed 154008K, reserved 1183744K
  class space    used 18582K, capacity 19865K, committed 19888K, reserved 1048576K
}

